生成启动时间为 2015/5/12 14:47:04。
     1>项目“D:\cocos2d-x-2.2.6\projects\TairyGame\MFCGame\MFCGame\MFCGame.vcxproj”在节点 2 上(build 个目标)。
     1>InitializeBuildStatus:
         正在创建“Debug.win32\MFCGame.unsuccessfulbuild”，因为已指定“AlwaysCreate”。
       ClCompile:
         所有输出均为最新。
         D:\Microsoft Visual Studio 10.0\VC\bin\CL.exe /c /I"D:\cocos2d-x-2.2.6\projects\TairyGame\MFCGame\MFCGame\..\..\..\..\cocos2dx" /I"D:\cocos2d-x-2.2.6\projects\TairyGame\MFCGame\MFCGame\..\..\..\..\cocos2dx\include" /I"D:\cocos2d-x-2.2.6\projects\TairyGame\MFCGame\MFCGame\..\..\..\..\cocos2dx\kazmath\include" /I"D:\cocos2d-x-2.2.6\projects\TairyGame\MFCGame\MFCGame\..\..\..\..\cocos2dx\platform\win32" /I"D:\cocos2d-x-2.2.6\projects\TairyGame\MFCGame\MFCGame\..\..\..\..\cocos2dx\platform\third_party\win32" /I"D:\cocos2d-x-2.2.6\projects\TairyGame\MFCGame\MFCGame\..\..\..\..\cocos2dx\platform\third_party\win32\OGLES" /I"D:\cocos2d-x-2.2.6\projects\TairyGame\MFCGame\MFCGame\..\..\..\..\external" /I"D:\cocos2d-x-2.2.6\projects\TairyGame\MFCGame\MFCGame\..\..\..\..\external\chipmunk\include\chipmunk" /I"D:\cocos2d-x-2.2.6\projects\TairyGame\MFCGame\MFCGame\..\..\..\..\CocosDenshion\include" /I"D:\cocos2d-x-2.2.6\projects\TairyGame\MFCGame\MFCGame\..\..\..\..\extensions" /I"D:\cocos2d-x-2.2.6\projects\TairyGame\Classes" /I"D:\cocos2d-x-2.2.6\projects\TairyGame\MFCGame\MFCGame\..\\" /I"D:\cocos2d-x-2.2.6\projects\TairyGame\MFCGame\MFCGame\\" /Zi /nologo /W3 /WX- /Od /Oy- /D WIN32 /D _DEBUG /D _WINDOWS /D _USE_MATH_DEFINES /D GL_GLEXT_PROTOTYPES /D CC_ENABLE_CHIPMUNK_INTEGRATION=1 /D COCOS2D_DEBUG=1 /D _CRT_SECURE_NO_WARNINGS /D _SCL_SECURE_NO_WARNINGS /D _UNICODE /D UNICODE /D _AFXDLL /Gm /EHsc /RTC1 /MDd /GS /fp:precise /Zc:wchar_t /Zc:forScope /Yu"StdAfx.h" /Fp"Debug.win32\MFCGame.pch" /Fo"Debug.win32\\" /Fd"Debug.win32\vc100.pdb" /Gd /TP /wd4267 /wd4251 /wd4244 /analyze- /errorReport:prompt ..\..\Classes\HelloWorldScene.cpp
         HelloWorldScene.cpp
     1>D:\Microsoft Visual Studio 10.0\VC\include\stdint.h(72): warning C4005: “INT8_MIN”: 宏重定义
                 C:\Program Files\Microsoft SDKs\Windows\v7.0A\include\intsafe.h(144) : 参见“INT8_MIN”的前一个定义
     1>D:\Microsoft Visual Studio 10.0\VC\include\stdint.h(73): warning C4005: “INT16_MIN”: 宏重定义
                 C:\Program Files\Microsoft SDKs\Windows\v7.0A\include\intsafe.h(146) : 参见“INT16_MIN”的前一个定义
     1>D:\Microsoft Visual Studio 10.0\VC\include\stdint.h(74): warning C4005: “INT32_MIN”: 宏重定义
                 C:\Program Files\Microsoft SDKs\Windows\v7.0A\include\intsafe.h(148) : 参见“INT32_MIN”的前一个定义
     1>D:\Microsoft Visual Studio 10.0\VC\include\stdint.h(76): warning C4005: “INT8_MAX”: 宏重定义
                 C:\Program Files\Microsoft SDKs\Windows\v7.0A\include\intsafe.h(167) : 参见“INT8_MAX”的前一个定义
     1>D:\Microsoft Visual Studio 10.0\VC\include\stdint.h(77): warning C4005: “INT16_MAX”: 宏重定义
                 C:\Program Files\Microsoft SDKs\Windows\v7.0A\include\intsafe.h(171) : 参见“INT16_MAX”的前一个定义
     1>D:\Microsoft Visual Studio 10.0\VC\include\stdint.h(78): warning C4005: “INT32_MAX”: 宏重定义
                 C:\Program Files\Microsoft SDKs\Windows\v7.0A\include\intsafe.h(176) : 参见“INT32_MAX”的前一个定义
     1>D:\Microsoft Visual Studio 10.0\VC\include\stdint.h(79): warning C4005: “UINT8_MAX”: 宏重定义
                 C:\Program Files\Microsoft SDKs\Windows\v7.0A\include\intsafe.h(168) : 参见“UINT8_MAX”的前一个定义
     1>D:\Microsoft Visual Studio 10.0\VC\include\stdint.h(80): warning C4005: “UINT16_MAX”: 宏重定义
                 C:\Program Files\Microsoft SDKs\Windows\v7.0A\include\intsafe.h(173) : 参见“UINT16_MAX”的前一个定义
     1>D:\Microsoft Visual Studio 10.0\VC\include\stdint.h(81): warning C4005: “UINT32_MAX”: 宏重定义
                 C:\Program Files\Microsoft SDKs\Windows\v7.0A\include\intsafe.h(178) : 参见“UINT32_MAX”的前一个定义
     1>D:\Microsoft Visual Studio 10.0\VC\include\stdint.h(149): warning C4005: “INT64_MIN”: 宏重定义
                 C:\Program Files\Microsoft SDKs\Windows\v7.0A\include\intsafe.h(152) : 参见“INT64_MIN”的前一个定义
     1>D:\Microsoft Visual Studio 10.0\VC\include\stdint.h(150): warning C4005: “INT64_MAX”: 宏重定义
                 C:\Program Files\Microsoft SDKs\Windows\v7.0A\include\intsafe.h(184) : 参见“INT64_MAX”的前一个定义
     1>D:\Microsoft Visual Studio 10.0\VC\include\stdint.h(151): warning C4005: “UINT64_MAX”: 宏重定义
                 C:\Program Files\Microsoft SDKs\Windows\v7.0A\include\intsafe.h(189) : 参见“UINT64_MAX”的前一个定义
     1>..\..\Classes\HelloWorldScene.cpp(299): warning C4018: “>=”: 有符号/无符号不匹配
     1>..\..\Classes\HelloWorldScene.cpp(317): warning C4018: “>=”: 有符号/无符号不匹配
     1>..\..\Classes\HelloWorldScene.cpp(325): warning C4305: “参数”: 从“double”到“float”截断
       ResourceCompile:
         所有输出均为最新。
       ManifestResourceCompile:
         所有输出均为最新。
       Link:
         D:\Microsoft Visual Studio 10.0\VC\bin\link.exe /ERRORREPORT:PROMPT /OUT:"D:\cocos2d-x-2.2.6\projects\TairyGame\proj.win32\Debug.win32\MFCGame.exe" /INCREMENTAL /NOLOGO /LIBPATH:"D:\cocos2d-x-2.2.6\projects\TairyGame\proj.win32\Debug.win32\\" libExtensions.lib libcocos2d.lib libCocosDenshion.lib opengl32.lib glew32.lib libBox2d.lib libchipmunk.lib libcurl_imp.lib pthreadVCE2.lib websockets.lib /MANIFEST /ManifestFile:"Debug.win32\MFCGame.exe.intermediate.manifest" /MANIFESTUAC:"level='asInvoker' uiAccess='false'" /DEBUG /PDB:"D:\cocos2d-x-2.2.6\projects\TairyGame\proj.win32\Debug.win32\MFCGame.pdb" /SUBSYSTEM:WINDOWS /TLBID:1 /ENTRY:"wWinMainCRTStartup" /DYNAMICBASE /NXCOMPAT /IMPLIB:"D:\cocos2d-x-2.2.6\projects\TairyGame\proj.win32\Debug.win32\MFCGame.lib" /MACHINE:X86 Debug.win32\MFCGame.res
         Debug.win32\MFCGame.exe.embed.manifest.res
         Debug.win32\AppDelegate.obj
         Debug.win32\HelloWorldScene.obj
         Debug.win32\HudLayer.obj
         Debug.win32\MFCGame.obj
         Debug.win32\MFCGameDlg.obj
         Debug.win32\PathSearchInfo.obj
         Debug.win32\PathSprite.obj
         Debug.win32\stdafx.obj
         "D:\cocos2d-x-2.2.6\projects\TairyGame\proj.win32\Debug.win32\libcocos2d.lib"
         "D:\cocos2d-x-2.2.6\projects\TairyGame\proj.win32\Debug.win32\libCocosDenshion.lib"
         "D:\cocos2d-x-2.2.6\projects\TairyGame\proj.win32\Debug.win32\libExtensions.lib"
         "D:\cocos2d-x-2.2.6\projects\TairyGame\proj.win32\Debug.win32\libBox2D.lib"
         "D:\cocos2d-x-2.2.6\projects\TairyGame\proj.win32\Debug.win32\libchipmunk.lib"
       Manifest:
         C:\Program Files\Microsoft SDKs\Windows\v7.0A\bin\mt.exe /nologo /verbose /out:"Debug.win32\MFCGame.exe.embed.manifest" /manifest Debug.win32\MFCGame.exe.intermediate.manifest "D:\Microsoft Visual Studio 10.0\VC\Include\Manifest\dpiaware.manifest"
         所有输出均为最新。
       LinkEmbedManifest:
         所有输出均为最新。
         MFCGame.vcxproj -> D:\cocos2d-x-2.2.6\projects\TairyGame\proj.win32\Debug.win32\MFCGame.exe
       FinalizeBuildStatus:
         正在删除文件“Debug.win32\MFCGame.unsuccessfulbuild”。
         正在对“Debug.win32\MFCGame.lastbuildstate”执行 Touch 任务。
     1>已完成生成项目“D:\cocos2d-x-2.2.6\projects\TairyGame\MFCGame\MFCGame\MFCGame.vcxproj”(build 个目标)的操作。

生成成功。

已用时间 00:00:09.20
